2016-07-07 14:13:15,372 [Worker-6] INFO  o.e.m.c.i.l.LifecycleMappingFactory - Using org.eclipse.m2e.jdt.JarLifecycleMapping lifecycle mapping for MavenProject: by.epam.charnykh:lab2.1:0.0.1-SNAPSHOT @ E:\!≈œ¿Ã!\EPAM\«‡‰‡ÌËÂ 2\lab2.1\pom.xml.
2016-07-07 14:13:15,372 [Worker-14] INFO  o.e.m.c.i.l.LifecycleMappingFactory - Using org.eclipse.m2e.jdt.JarLifecycleMapping lifecycle mapping for MavenProject: by.epam.charnykh:lab2.1:0.0.1-SNAPSHOT @ E:\!≈œ¿Ã!\EPAM\«‡‰‡ÌËÂ 2\lab2.1\pom.xml.
2016-07-07 14:13:15,507 [Worker-6] WARN  o.e.m.c.i.embedder.EclipseLogger - The artifact xerces:xerces:jar:2.4.0 has been relocated to xerces:xercesImpl:jar:2.4.0
2016-07-07 14:13:15,513 [Worker-14] WARN  o.e.m.c.i.embedder.EclipseLogger - The artifact xerces:xerces:jar:2.4.0 has been relocated to xerces:xercesImpl:jar:2.4.0
2016-07-07 14:13:18,716 [Worker-14] WARN  o.e.m.c.i.embedder.EclipseLogger - Using platform encoding (Cp1251 actually) to copy filtered resources, i.e. build is platform dependent!
2016-07-07 14:13:18,742 [Worker-14] INFO  o.e.m.c.i.embedder.EclipseLogger - Copying 2 resources
2016-07-07 14:13:18,846 [Worker-14] WARN  o.e.m.c.i.embedder.EclipseLogger - Using platform encoding (Cp1251 actually) to copy filtered resources, i.e. build is platform dependent!
2016-07-07 14:13:18,848 [Worker-14] INFO  o.e.m.c.i.embedder.EclipseLogger - Copying 0 resource
2016-07-07 14:13:20,446 [Worker-11] WARN  o.e.m.c.i.embedder.EclipseLogger - The artifact xerces:xerces:jar:2.4.0 has been relocated to xerces:xercesImpl:jar:2.4.0
2016-07-07 14:13:21,234 [Worker-2] INFO  o.e.m.c.i.l.LifecycleMappingFactory - Using org.eclipse.m2e.jdt.JarLifecycleMapping lifecycle mapping for MavenProject: by.epam.charnykh:lab2.1:0.0.1-SNAPSHOT @ E:\!≈œ¿Ã!\EPAM\«‡‰‡ÌËÂ 2\lab2.1\pom.xml.
2016-07-07 14:13:21,253 [Worker-2] WARN  o.e.m.c.i.embedder.EclipseLogger - The artifact xerces:xerces:jar:2.4.0 has been relocated to xerces:xercesImpl:jar:2.4.0
2016-07-07 14:13:21,816 [Worker-11] WARN  o.e.m.c.i.embedder.EclipseLogger - Using platform encoding (Cp1251 actually) to copy filtered resources, i.e. build is platform dependent!
2016-07-07 14:13:21,821 [Worker-11] INFO  o.e.m.c.i.embedder.EclipseLogger - Copying 2 resources
2016-07-07 14:13:21,833 [Worker-11] WARN  o.e.m.c.i.embedder.EclipseLogger - Using platform encoding (Cp1251 actually) to copy filtered resources, i.e. build is platform dependent!
2016-07-07 14:13:21,834 [Worker-11] INFO  o.e.m.c.i.embedder.EclipseLogger - Copying 0 resource
2016-07-07 14:13:23,572 [Worker-2] WARN  o.e.m.c.i.embedder.EclipseLogger - The artifact xerces:xerces:jar:2.4.0 has been relocated to xerces:xercesImpl:jar:2.4.0
2016-07-07 14:13:23,582 [Worker-2] WARN  o.e.m.c.i.embedder.EclipseLogger - Using platform encoding (Cp1251 actually) to copy filtered resources, i.e. build is platform dependent!
2016-07-07 14:13:23,584 [Worker-2] INFO  o.e.m.c.i.embedder.EclipseLogger - Copying 2 resources
2016-07-07 14:13:23,586 [Worker-2] WARN  o.e.m.c.i.embedder.EclipseLogger - Using platform encoding (Cp1251 actually) to copy filtered resources, i.e. build is platform dependent!
2016-07-07 14:13:23,588 [Worker-2] INFO  o.e.m.c.i.embedder.EclipseLogger - Copying 0 resource
2016-07-07 14:14:08,570 [Worker-14] INFO  o.e.m.c.i.l.LifecycleMappingFactory - Using org.eclipse.m2e.jdt.JarLifecycleMapping lifecycle mapping for MavenProject: by.trepam.lab15.1:lab15.1:0.0.1-SNAPSHOT @ E:\!≈œ¿Ã!\EPAM\«‡‰‡ÌËÂ 15\lab15.1\pom.xml.
2016-07-07 14:14:09,221 [Worker-14] WARN  o.e.m.c.i.embedder.EclipseLogger - Using platform encoding (Cp1251 actually) to copy filtered resources, i.e. build is platform dependent!
2016-07-07 14:14:09,223 [Worker-14] INFO  o.e.m.c.i.embedder.EclipseLogger - Copying 1 resource
2016-07-07 14:14:09,233 [Worker-14] WARN  o.e.m.c.i.embedder.EclipseLogger - Using platform encoding (Cp1251 actually) to copy filtered resources, i.e. build is platform dependent!
2016-07-07 14:14:09,235 [Worker-14] INFO  o.e.m.c.i.embedder.EclipseLogger - Copying 0 resource
2016-07-07 14:14:09,666 [Worker-14] INFO  o.e.m.c.i.l.LifecycleMappingFactory - Using org.eclipse.m2e.jdt.JarLifecycleMapping lifecycle mapping for MavenProject: by.trepam.multithreading:lab15.2:0.0.1-SNAPSHOT @ E:\!≈œ¿Ã!\EPAM\«‡‰‡ÌËÂ 15\lab15.2\pom.xml.
2016-07-07 14:14:10,162 [Worker-14] WARN  o.e.m.c.i.embedder.EclipseLogger - Using platform encoding (Cp1251 actually) to copy filtered resources, i.e. build is platform dependent!
2016-07-07 14:14:10,164 [Worker-14] INFO  o.e.m.c.i.embedder.EclipseLogger - Copying 1 resource
2016-07-07 14:14:10,180 [Worker-14] WARN  o.e.m.c.i.embedder.EclipseLogger - Using platform encoding (Cp1251 actually) to copy filtered resources, i.e. build is platform dependent!
2016-07-07 14:14:10,183 [Worker-14] INFO  o.e.m.c.i.embedder.EclipseLogger - Copying 0 resource
2016-07-07 14:14:10,528 [Worker-14] INFO  o.e.m.c.i.l.LifecycleMappingFactory - Using org.eclipse.m2e.jdt.JarLifecycleMapping lifecycle mapping for MavenProject: by.epam.charnykh:lab2.2:0.0.1-SNAPSHOT @ E:\!≈œ¿Ã!\EPAM\«‡‰‡ÌËÂ 2\lab2.2\pom.xml.
2016-07-07 14:14:10,730 [Worker-14] WARN  o.e.m.c.i.embedder.EclipseLogger - Using platform encoding (Cp1251 actually) to copy filtered resources, i.e. build is platform dependent!
2016-07-07 14:14:10,732 [Worker-14] INFO  o.e.m.c.i.embedder.EclipseLogger - Copying 0 resource
2016-07-07 14:14:10,734 [Worker-14] WARN  o.e.m.c.i.embedder.EclipseLogger - Using platform encoding (Cp1251 actually) to copy filtered resources, i.e. build is platform dependent!
2016-07-07 14:14:10,742 [Worker-14] INFO  o.e.m.c.i.embedder.EclipseLogger - Copying 0 resource
2016-07-07 14:14:11,244 [Worker-14] INFO  o.e.m.c.i.l.LifecycleMappingFactory - Using org.eclipse.m2e.jdt.JarLifecycleMapping lifecycle mapping for MavenProject: by.rdepam.sax_and_stax:lab3.1:0.0.1-SNAPSHOT @ E:\!≈œ¿Ã!\EPAM\«‡‰‡ÌËÂ 3\lab3.1\pom.xml.
2016-07-07 14:14:11,509 [Worker-14] WARN  o.e.m.c.i.embedder.EclipseLogger - Using platform encoding (Cp1251 actually) to copy filtered resources, i.e. build is platform dependent!
2016-07-07 14:14:11,511 [Worker-14] INFO  o.e.m.c.i.embedder.EclipseLogger - Copying 2 resources
2016-07-07 14:14:11,535 [Worker-14] WARN  o.e.m.c.i.embedder.EclipseLogger - Using platform encoding (Cp1251 actually) to copy filtered resources, i.e. build is platform dependent!
2016-07-07 14:14:11,537 [Worker-14] INFO  o.e.m.c.i.embedder.EclipseLogger - Copying 0 resource
2016-07-07 14:14:11,754 [Worker-14] INFO  o.e.m.c.i.l.LifecycleMappingFactory - Using org.eclipse.m2e.jdt.JarLifecycleMapping lifecycle mapping for MavenProject: by.rdepam.dom_parser.charnykh:lab3.2:0.0.1-SNAPSHOT @ E:\!≈œ¿Ã!\EPAM\«‡‰‡ÌËÂ 3\lab3.2\pom.xml.
2016-07-07 14:14:12,265 [Worker-14] WARN  o.e.m.c.i.embedder.EclipseLogger - Using platform encoding (Cp1251 actually) to copy filtered resources, i.e. build is platform dependent!
2016-07-07 14:14:12,266 [Worker-14] INFO  o.e.m.c.i.embedder.EclipseLogger - Copying 1 resource
2016-07-07 14:14:12,271 [Worker-14] WARN  o.e.m.c.i.embedder.EclipseLogger - Using platform encoding (Cp1251 actually) to copy filtered resources, i.e. build is platform dependent!
2016-07-07 14:14:12,273 [Worker-14] INFO  o.e.m.c.i.embedder.EclipseLogger - Copying 0 resource
2016-07-07 14:14:12,900 [Worker-14] INFO  o.e.m.c.i.l.LifecycleMappingFactory - Using org.eclipse.m2e.jdt.JarLifecycleMapping lifecycle mapping for MavenProject: by.rdepam.news:lab4:0.0.1-SNAPSHOT @ E:\!≈œ¿Ã!\EPAM\«‡‰‡ÌËÂ 4\lab4\pom.xml.
2016-07-07 14:14:13,313 [Worker-14] WARN  o.e.m.c.i.embedder.EclipseLogger - Using platform encoding (Cp1251 actually) to copy filtered resources, i.e. build is platform dependent!
2016-07-07 14:14:13,314 [Worker-14] INFO  o.e.m.c.i.embedder.EclipseLogger - Copying 3 resources
2016-07-07 14:14:13,447 [Worker-14] WARN  o.e.m.c.i.embedder.EclipseLogger - Using platform encoding (Cp1251 actually) to copy filtered resources, i.e. build is platform dependent!
2016-07-07 14:14:13,449 [Worker-14] INFO  o.e.m.c.i.embedder.EclipseLogger - Copying 0 resource
2016-07-07 14:14:13,790 [Worker-14] INFO  o.e.m.c.i.l.LifecycleMappingFactory - Using org.eclipse.m2e.jdt.JarLifecycleMapping lifecycle mapping for MavenProject: by.trepam.dbcp:lab8.2:0.0.1-SNAPSHOT @ E:\!≈œ¿Ã!\EPAM\«‡‰‡ÌËÂ 8\lab8.2\pom.xml.
2016-07-07 14:14:14,315 [Worker-14] WARN  o.e.m.c.i.embedder.EclipseLogger - Using platform encoding (Cp1251 actually) to copy filtered resources, i.e. build is platform dependent!
2016-07-07 14:14:14,316 [Worker-14] INFO  o.e.m.c.i.embedder.EclipseLogger - Copying 2 resources
2016-07-07 14:14:14,326 [Worker-14] WARN  o.e.m.c.i.embedder.EclipseLogger - Using platform encoding (Cp1251 actually) to copy filtered resources, i.e. build is platform dependent!
2016-07-07 14:14:14,328 [Worker-14] INFO  o.e.m.c.i.embedder.EclipseLogger - Copying 0 resource
2016-07-07 14:14:15,167 [Worker-14] INFO  o.e.m.c.i.l.LifecycleMappingFactory - Using org.eclipse.m2e.jdt.JarLifecycleMapping lifecycle mapping for MavenProject: by.trepam.dao:lab8.3:0.0.1-SNAPSHOT @ E:\!≈œ¿Ã!\EPAM\«‡‰‡ÌËÂ 8\lab8.3\pom.xml.
2016-07-07 14:14:15,529 [Worker-14] WARN  o.e.m.c.i.embedder.EclipseLogger - Using platform encoding (Cp1251 actually) to copy filtered resources, i.e. build is platform dependent!
2016-07-07 14:14:15,530 [Worker-14] INFO  o.e.m.c.i.embedder.EclipseLogger - Copying 2 resources
2016-07-07 14:14:15,538 [Worker-14] WARN  o.e.m.c.i.embedder.EclipseLogger - Using platform encoding (Cp1251 actually) to copy filtered resources, i.e. build is platform dependent!
2016-07-07 14:14:15,539 [Worker-14] INFO  o.e.m.c.i.embedder.EclipseLogger - Copying 0 resource
2016-07-07 14:14:16,931 [Worker-10] WARN  o.e.m.c.i.embedder.EclipseLogger - Using platform encoding (Cp1251 actually) to copy filtered resources, i.e. build is platform dependent!
2016-07-07 14:14:16,934 [Worker-10] INFO  o.e.m.c.i.embedder.EclipseLogger - Copying 1 resource
2016-07-07 14:14:16,939 [Worker-10] WARN  o.e.m.c.i.embedder.EclipseLogger - Using platform encoding (Cp1251 actually) to copy filtered resources, i.e. build is platform dependent!
2016-07-07 14:14:16,941 [Worker-10] INFO  o.e.m.c.i.embedder.EclipseLogger - Copying 0 resource
2016-07-07 14:14:17,218 [Worker-10] WARN  o.e.m.c.i.embedder.EclipseLogger - Using platform encoding (Cp1251 actually) to copy filtered resources, i.e. build is platform dependent!
2016-07-07 14:14:17,220 [Worker-10] INFO  o.e.m.c.i.embedder.EclipseLogger - Copying 1 resource
2016-07-07 14:14:17,225 [Worker-10] WARN  o.e.m.c.i.embedder.EclipseLogger - Using platform encoding (Cp1251 actually) to copy filtered resources, i.e. build is platform dependent!
2016-07-07 14:14:17,227 [Worker-10] INFO  o.e.m.c.i.embedder.EclipseLogger - Copying 0 resource
2016-07-07 14:14:17,404 [Worker-10] WARN  o.e.m.c.i.embedder.EclipseLogger - Using platform encoding (Cp1251 actually) to copy filtered resources, i.e. build is platform dependent!
2016-07-07 14:14:17,406 [Worker-10] INFO  o.e.m.c.i.embedder.EclipseLogger - Copying 2 resources
2016-07-07 14:14:17,413 [Worker-10] WARN  o.e.m.c.i.embedder.EclipseLogger - Using platform encoding (Cp1251 actually) to copy filtered resources, i.e. build is platform dependent!
2016-07-07 14:14:17,415 [Worker-10] INFO  o.e.m.c.i.embedder.EclipseLogger - Copying 0 resource
2016-07-07 14:14:18,077 [Worker-10] WARN  o.e.m.c.i.embedder.EclipseLogger - Using platform encoding (Cp1251 actually) to copy filtered resources, i.e. build is platform dependent!
2016-07-07 14:14:18,079 [Worker-10] INFO  o.e.m.c.i.embedder.EclipseLogger - Copying 3 resources
2016-07-07 14:14:18,086 [Worker-10] WARN  o.e.m.c.i.embedder.EclipseLogger - Using platform encoding (Cp1251 actually) to copy filtered resources, i.e. build is platform dependent!
2016-07-07 14:14:18,088 [Worker-10] INFO  o.e.m.c.i.embedder.EclipseLogger - Copying 0 resource
2016-07-07 14:14:18,341 [Worker-10] WARN  o.e.m.c.i.embedder.EclipseLogger - Using platform encoding (Cp1251 actually) to copy filtered resources, i.e. build is platform dependent!
2016-07-07 14:14:18,343 [Worker-10] INFO  o.e.m.c.i.embedder.EclipseLogger - Copying 2 resources
2016-07-07 14:14:18,351 [Worker-10] WARN  o.e.m.c.i.embedder.EclipseLogger - Using platform encoding (Cp1251 actually) to copy filtered resources, i.e. build is platform dependent!
2016-07-07 14:14:18,354 [Worker-10] INFO  o.e.m.c.i.embedder.EclipseLogger - Copying 0 resource
2016-07-07 14:14:18,883 [Worker-10] WARN  o.e.m.c.i.embedder.EclipseLogger - Using platform encoding (Cp1251 actually) to copy filtered resources, i.e. build is platform dependent!
2016-07-07 14:14:18,885 [Worker-10] INFO  o.e.m.c.i.embedder.EclipseLogger - Copying 2 resources
2016-07-07 14:14:18,893 [Worker-10] WARN  o.e.m.c.i.embedder.EclipseLogger - Using platform encoding (Cp1251 actually) to copy filtered resources, i.e. build is platform dependent!
2016-07-07 14:14:18,895 [Worker-10] INFO  o.e.m.c.i.embedder.EclipseLogger - Copying 0 resource
2016-07-11 10:26:37,928 [Worker-9] WARN  o.e.m.c.i.embedder.EclipseLogger - Using platform encoding (Cp1251 actually) to copy filtered resources, i.e. build is platform dependent!
2016-07-11 10:26:38,051 [Worker-9] INFO  o.e.m.c.i.embedder.EclipseLogger - Copying 1 resource
2016-07-11 10:26:38,067 [Worker-9] WARN  o.e.m.c.i.embedder.EclipseLogger - Using platform encoding (Cp1251 actually) to copy filtered resources, i.e. build is platform dependent!
2016-07-11 10:26:38,070 [Worker-9] INFO  o.e.m.c.i.embedder.EclipseLogger - Copying 0 resource
2016-07-11 10:26:40,292 [Worker-16] WARN  o.e.m.c.i.embedder.EclipseLogger - Using platform encoding (Cp1251 actually) to copy filtered resources, i.e. build is platform dependent!
2016-07-11 10:26:40,316 [Worker-16] INFO  o.e.m.c.i.embedder.EclipseLogger - Copying 1 resource
2016-07-11 10:26:40,368 [Worker-16] WARN  o.e.m.c.i.embedder.EclipseLogger - Using platform encoding (Cp1251 actually) to copy filtered resources, i.e. build is platform dependent!
2016-07-11 10:26:40,370 [Worker-16] INFO  o.e.m.c.i.embedder.EclipseLogger - Copying 0 resource
2016-07-11 10:26:40,744 [Worker-16] WARN  o.e.m.c.i.embedder.EclipseLogger - The artifact xerces:xerces:jar:2.4.0 has been relocated to xerces:xercesImpl:jar:2.4.0
2016-07-11 10:26:40,756 [Worker-16] WARN  o.e.m.c.i.embedder.EclipseLogger - Using platform encoding (Cp1251 actually) to copy filtered resources, i.e. build is platform dependent!
2016-07-11 10:26:40,758 [Worker-16] INFO  o.e.m.c.i.embedder.EclipseLogger - Copying 2 resources
2016-07-11 10:26:40,761 [Worker-16] WARN  o.e.m.c.i.embedder.EclipseLogger - Using platform encoding (Cp1251 actually) to copy filtered resources, i.e. build is platform dependent!
2016-07-11 10:26:40,788 [Worker-16] INFO  o.e.m.c.i.embedder.EclipseLogger - Copying 0 resource
2016-07-11 10:26:40,874 [Worker-16] WARN  o.e.m.c.i.embedder.EclipseLogger - Using platform encoding (Cp1251 actually) to copy filtered resources, i.e. build is platform dependent!
2016-07-11 10:26:40,877 [Worker-16] INFO  o.e.m.c.i.embedder.EclipseLogger - Copying 0 resource
2016-07-11 10:26:40,879 [Worker-16] WARN  o.e.m.c.i.embedder.EclipseLogger - Using platform encoding (Cp1251 actually) to copy filtered resources, i.e. build is platform dependent!
2016-07-11 10:26:40,882 [Worker-16] INFO  o.e.m.c.i.embedder.EclipseLogger - Copying 0 resource
2016-07-11 10:26:41,011 [Worker-16] WARN  o.e.m.c.i.embedder.EclipseLogger - Using platform encoding (Cp1251 actually) to copy filtered resources, i.e. build is platform dependent!
2016-07-11 10:26:41,013 [Worker-16] INFO  o.e.m.c.i.embedder.EclipseLogger - Copying 2 resources
2016-07-11 10:26:41,043 [Worker-16] WARN  o.e.m.c.i.embedder.EclipseLogger - Using platform encoding (Cp1251 actually) to copy filtered resources, i.e. build is platform dependent!
2016-07-11 10:26:41,044 [Worker-16] INFO  o.e.m.c.i.embedder.EclipseLogger - Copying 0 resource
2016-07-11 10:26:41,222 [Worker-16] WARN  o.e.m.c.i.embedder.EclipseLogger - Using platform encoding (Cp1251 actually) to copy filtered resources, i.e. build is platform dependent!
2016-07-11 10:26:41,224 [Worker-16] INFO  o.e.m.c.i.embedder.EclipseLogger - Copying 1 resource
2016-07-11 10:26:41,226 [Worker-16] WARN  o.e.m.c.i.embedder.EclipseLogger - Using platform encoding (Cp1251 actually) to copy filtered resources, i.e. build is platform dependent!
2016-07-11 10:26:41,251 [Worker-16] INFO  o.e.m.c.i.embedder.EclipseLogger - Copying 0 resource
2016-07-11 10:26:41,476 [Worker-16] WARN  o.e.m.c.i.embedder.EclipseLogger - Using platform encoding (Cp1251 actually) to copy filtered resources, i.e. build is platform dependent!
2016-07-11 10:26:41,508 [Worker-16] INFO  o.e.m.c.i.embedder.EclipseLogger - Copying 3 resources
2016-07-11 10:26:41,533 [Worker-16] WARN  o.e.m.c.i.embedder.EclipseLogger - Using platform encoding (Cp1251 actually) to copy filtered resources, i.e. build is platform dependent!
2016-07-11 10:26:41,538 [Worker-16] INFO  o.e.m.c.i.embedder.EclipseLogger - Copying 0 resource
2016-07-11 10:26:42,109 [Worker-16] WARN  o.e.m.c.i.embedder.EclipseLogger - Using platform encoding (Cp1251 actually) to copy filtered resources, i.e. build is platform dependent!
2016-07-11 10:26:42,111 [Worker-16] INFO  o.e.m.c.i.embedder.EclipseLogger - Copying 2 resources
2016-07-11 10:26:42,115 [Worker-16] WARN  o.e.m.c.i.embedder.EclipseLogger - Using platform encoding (Cp1251 actually) to copy filtered resources, i.e. build is platform dependent!
2016-07-11 10:26:42,117 [Worker-16] INFO  o.e.m.c.i.embedder.EclipseLogger - Copying 0 resource
2016-07-11 10:26:42,293 [Worker-16] WARN  o.e.m.c.i.embedder.EclipseLogger - Using platform encoding (Cp1251 actually) to copy filtered resources, i.e. build is platform dependent!
2016-07-11 10:26:42,295 [Worker-16] INFO  o.e.m.c.i.embedder.EclipseLogger - Copying 2 resources
2016-07-11 10:26:42,320 [Worker-16] WARN  o.e.m.c.i.embedder.EclipseLogger - Using platform encoding (Cp1251 actually) to copy filtered resources, i.e. build is platform dependent!
2016-07-11 10:26:42,322 [Worker-16] INFO  o.e.m.c.i.embedder.EclipseLogger - Copying 0 resource
2016-07-11 10:26:43,659 [Worker-3] WARN  o.e.m.c.i.embedder.EclipseLogger - Using platform encoding (Cp1251 actually) to copy filtered resources, i.e. build is platform dependent!
2016-07-11 10:26:43,668 [Worker-3] INFO  o.e.m.c.i.embedder.EclipseLogger - Copying 0 resource
2016-07-11 10:26:43,670 [Worker-3] WARN  o.e.m.c.i.embedder.EclipseLogger - Using platform encoding (Cp1251 actually) to copy filtered resources, i.e. build is platform dependent!
2016-07-11 10:26:43,672 [Worker-3] INFO  o.e.m.c.i.embedder.EclipseLogger - Copying 0 resource
2016-07-11 10:26:43,695 [Worker-3] WARN  o.e.m.c.i.embedder.EclipseLogger - Using platform encoding (Cp1251 actually) to copy filtered resources, i.e. build is platform dependent!
2016-07-11 10:26:43,698 [Worker-3] INFO  o.e.m.c.i.embedder.EclipseLogger - Copying 2 resources
2016-07-11 10:26:43,700 [Worker-3] WARN  o.e.m.c.i.embedder.EclipseLogger - Using platform encoding (Cp1251 actually) to copy filtered resources, i.e. build is platform dependent!
2016-07-11 10:26:43,702 [Worker-3] INFO  o.e.m.c.i.embedder.EclipseLogger - Copying 0 resource
2016-07-11 10:47:47,490 [Worker-22] INFO  o.e.m.c.i.l.LifecycleMappingFactory - Using org.eclipse.m2e.jdt.JarLifecycleMapping lifecycle mapping for MavenProject: trepam:lab16.1:0.0.1-SNAPSHOT @ E:\!≈œ¿Ã!\EPAM\lab16.1\pom.xml.
2016-07-11 10:47:48,112 [Worker-22] INFO  o.e.m.j.i.AbstractJavaProjectConfigurator - Adding source folder /lab16.1/src/main/java
2016-07-11 10:47:48,114 [Worker-22] INFO  o.e.m.j.i.AbstractJavaProjectConfigurator - Adding resource folder /lab16.1/src/main/resources
2016-07-11 10:47:48,116 [Worker-22] INFO  o.e.m.j.i.AbstractJavaProjectConfigurator - Adding source folder /lab16.1/src/test/java
2016-07-11 10:47:48,117 [Worker-22] INFO  o.e.m.j.i.AbstractJavaProjectConfigurator - Adding resource folder /lab16.1/src/test/resources
2016-07-11 10:47:48,755 [Worker-24] WARN  o.e.m.c.i.embedder.EclipseLogger - Using platform encoding (Cp1251 actually) to copy filtered resources, i.e. build is platform dependent!
2016-07-11 10:47:48,756 [Worker-24] INFO  o.e.m.c.i.embedder.EclipseLogger - Copying 0 resource
2016-07-11 10:47:48,759 [Worker-24] WARN  o.e.m.c.i.embedder.EclipseLogger - Using platform encoding (Cp1251 actually) to copy filtered resources, i.e. build is platform dependent!
2016-07-11 10:47:48,760 [Worker-24] INFO  o.e.m.c.i.embedder.EclipseLogger - Copying 0 resource
2016-07-11 10:50:02,102 [Worker-15] INFO  o.e.m.c.i.l.LifecycleMappingFactory - Using org.eclipse.m2e.jdt.JarLifecycleMapping lifecycle mapping for MavenProject: trepam:lab16.1:0.0.1-SNAPSHOT @ E:\!≈œ¿Ã!\EPAM\«‡‰‡ÌËÂ 16\lab16.1\pom.xml.
2016-07-11 10:50:02,240 [Worker-15] WARN  o.e.m.c.i.embedder.EclipseLogger - Using platform encoding (Cp1251 actually) to copy filtered resources, i.e. build is platform dependent!
2016-07-11 10:50:02,242 [Worker-15] INFO  o.e.m.c.i.embedder.EclipseLogger - skip non existing resourceDirectory E:\!≈œ¿Ã!\EPAM\«‡‰‡ÌËÂ 16\lab16.1\src\main\resources
2016-07-11 10:50:02,244 [Worker-15] WARN  o.e.m.c.i.embedder.EclipseLogger - Using platform encoding (Cp1251 actually) to copy filtered resources, i.e. build is platform dependent!
2016-07-11 10:50:02,246 [Worker-15] INFO  o.e.m.c.i.embedder.EclipseLogger - skip non existing resourceDirectory E:\!≈œ¿Ã!\EPAM\«‡‰‡ÌËÂ 16\lab16.1\src\test\resources
2016-07-11 10:50:39,881 [Worker-27] WARN  o.e.m.c.i.embedder.EclipseLogger - Using platform encoding (Cp1251 actually) to copy filtered resources, i.e. build is platform dependent!
2016-07-11 10:50:39,883 [Worker-27] INFO  o.e.m.c.i.embedder.EclipseLogger - Copying 0 resource
2016-07-11 10:50:39,884 [Worker-27] WARN  o.e.m.c.i.embedder.EclipseLogger - Using platform encoding (Cp1251 actually) to copy filtered resources, i.e. build is platform dependent!
2016-07-11 10:50:39,886 [Worker-27] INFO  o.e.m.c.i.embedder.EclipseLogger - Copying 0 resource
2016-07-11 10:50:39,965 [Worker-27] WARN  o.e.m.c.i.embedder.EclipseLogger - Using platform encoding (Cp1251 actually) to copy filtered resources, i.e. build is platform dependent!
2016-07-11 10:50:39,967 [Worker-27] INFO  o.e.m.c.i.embedder.EclipseLogger - Copying 0 resource
2016-07-11 10:50:39,968 [Worker-27] WARN  o.e.m.c.i.embedder.EclipseLogger - Using platform encoding (Cp1251 actually) to copy filtered resources, i.e. build is platform dependent!
2016-07-11 10:50:39,970 [Worker-27] INFO  o.e.m.c.i.embedder.EclipseLogger - Copying 0 resource
2016-07-11 10:50:39,983 [Worker-27] WARN  o.e.m.c.i.embedder.EclipseLogger - Using platform encoding (Cp1251 actually) to copy filtered resources, i.e. build is platform dependent!
2016-07-11 10:50:39,984 [Worker-27] INFO  o.e.m.c.i.embedder.EclipseLogger - skip non existing resourceDirectory E:\!≈œ¿Ã!\EPAM\«‡‰‡ÌËÂ 16\lab16.1\src\main\resources
2016-07-11 10:50:39,987 [Worker-27] WARN  o.e.m.c.i.embedder.EclipseLogger - Using platform encoding (Cp1251 actually) to copy filtered resources, i.e. build is platform dependent!
2016-07-11 10:50:39,988 [Worker-27] INFO  o.e.m.c.i.embedder.EclipseLogger - skip non existing resourceDirectory E:\!≈œ¿Ã!\EPAM\«‡‰‡ÌËÂ 16\lab16.1\src\test\resources
2016-07-11 10:50:40,018 [Worker-27] WARN  o.e.m.c.i.embedder.EclipseLogger - The artifact xerces:xerces:jar:2.4.0 has been relocated to xerces:xercesImpl:jar:2.4.0
2016-07-11 10:50:40,027 [Worker-27] WARN  o.e.m.c.i.embedder.EclipseLogger - Using platform encoding (Cp1251 actually) to copy filtered resources, i.e. build is platform dependent!
2016-07-11 10:50:40,029 [Worker-27] INFO  o.e.m.c.i.embedder.EclipseLogger - Copying 0 resource
2016-07-11 10:50:40,030 [Worker-27] WARN  o.e.m.c.i.embedder.EclipseLogger - Using platform encoding (Cp1251 actually) to copy filtered resources, i.e. build is platform dependent!
2016-07-11 10:50:40,032 [Worker-27] INFO  o.e.m.c.i.embedder.EclipseLogger - Copying 0 resource
2016-07-11 10:50:40,047 [Worker-27] WARN  o.e.m.c.i.embedder.EclipseLogger - Using platform encoding (Cp1251 actually) to copy filtered resources, i.e. build is platform dependent!
2016-07-11 10:50:40,049 [Worker-27] INFO  o.e.m.c.i.embedder.EclipseLogger - Copying 0 resource
2016-07-11 10:50:40,051 [Worker-27] WARN  o.e.m.c.i.embedder.EclipseLogger - Using platform encoding (Cp1251 actually) to copy filtered resources, i.e. build is platform dependent!
2016-07-11 10:50:40,053 [Worker-27] INFO  o.e.m.c.i.embedder.EclipseLogger - Copying 0 resource
2016-07-11 10:50:40,109 [Worker-27] WARN  o.e.m.c.i.embedder.EclipseLogger - Using platform encoding (Cp1251 actually) to copy filtered resources, i.e. build is platform dependent!
2016-07-11 10:50:40,111 [Worker-27] INFO  o.e.m.c.i.embedder.EclipseLogger - Copying 0 resource
2016-07-11 10:50:40,115 [Worker-27] WARN  o.e.m.c.i.embedder.EclipseLogger - Using platform encoding (Cp1251 actually) to copy filtered resources, i.e. build is platform dependent!
2016-07-11 10:50:40,116 [Worker-27] INFO  o.e.m.c.i.embedder.EclipseLogger - Copying 0 resource
2016-07-11 10:50:40,133 [Worker-27] WARN  o.e.m.c.i.embedder.EclipseLogger - Using platform encoding (Cp1251 actually) to copy filtered resources, i.e. build is platform dependent!
2016-07-11 10:50:40,135 [Worker-27] INFO  o.e.m.c.i.embedder.EclipseLogger - Copying 0 resource
2016-07-11 10:50:40,137 [Worker-27] WARN  o.e.m.c.i.embedder.EclipseLogger - Using platform encoding (Cp1251 actually) to copy filtered resources, i.e. build is platform dependent!
2016-07-11 10:50:40,138 [Worker-27] INFO  o.e.m.c.i.embedder.EclipseLogger - Copying 0 resource
2016-07-11 10:50:40,200 [Worker-27] WARN  o.e.m.c.i.embedder.EclipseLogger - Using platform encoding (Cp1251 actually) to copy filtered resources, i.e. build is platform dependent!
2016-07-11 10:50:40,202 [Worker-27] INFO  o.e.m.c.i.embedder.EclipseLogger - Copying 0 resource
2016-07-11 10:50:40,203 [Worker-27] WARN  o.e.m.c.i.embedder.EclipseLogger - Using platform encoding (Cp1251 actually) to copy filtered resources, i.e. build is platform dependent!
2016-07-11 10:50:40,205 [Worker-27] INFO  o.e.m.c.i.embedder.EclipseLogger - Copying 0 resource
2016-07-11 10:50:40,352 [Worker-27] WARN  o.e.m.c.i.embedder.EclipseLogger - Using platform encoding (Cp1251 actually) to copy filtered resources, i.e. build is platform dependent!
2016-07-11 10:50:40,354 [Worker-27] INFO  o.e.m.c.i.embedder.EclipseLogger - Copying 0 resource
2016-07-11 10:50:40,356 [Worker-27] WARN  o.e.m.c.i.embedder.EclipseLogger - Using platform encoding (Cp1251 actually) to copy filtered resources, i.e. build is platform dependent!
2016-07-11 10:50:40,357 [Worker-27] INFO  o.e.m.c.i.embedder.EclipseLogger - Copying 0 resource
2016-07-11 10:50:40,455 [Worker-27] WARN  o.e.m.c.i.embedder.EclipseLogger - Using platform encoding (Cp1251 actually) to copy filtered resources, i.e. build is platform dependent!
2016-07-11 10:50:40,457 [Worker-27] INFO  o.e.m.c.i.embedder.EclipseLogger - Copying 0 resource
2016-07-11 10:50:40,459 [Worker-27] WARN  o.e.m.c.i.embedder.EclipseLogger - Using platform encoding (Cp1251 actually) to copy filtered resources, i.e. build is platform dependent!
2016-07-11 10:50:40,461 [Worker-27] INFO  o.e.m.c.i.embedder.EclipseLogger - Copying 0 resource
2016-07-11 22:14:10,689 [Worker-131] WARN  o.e.m.c.i.embedder.EclipseLogger - Using platform encoding (Cp1251 actually) to copy filtered resources, i.e. build is platform dependent!
2016-07-11 22:14:11,667 [Worker-131] INFO  o.e.m.c.i.embedder.EclipseLogger - Copying 0 resource
2016-07-11 22:14:11,730 [Worker-131] WARN  o.e.m.c.i.embedder.EclipseLogger - Using platform encoding (Cp1251 actually) to copy filtered resources, i.e. build is platform dependent!
2016-07-11 22:14:11,838 [Worker-131] INFO  o.e.m.c.i.embedder.EclipseLogger - Copying 0 resource
2016-07-11 22:14:12,462 [Worker-131] WARN  o.e.m.c.i.embedder.EclipseLogger - Using platform encoding (Cp1251 actually) to copy filtered resources, i.e. build is platform dependent!
2016-07-11 22:14:12,465 [Worker-131] INFO  o.e.m.c.i.embedder.EclipseLogger - Copying 0 resource
2016-07-11 22:14:12,468 [Worker-131] WARN  o.e.m.c.i.embedder.EclipseLogger - Using platform encoding (Cp1251 actually) to copy filtered resources, i.e. build is platform dependent!
2016-07-11 22:14:12,497 [Worker-131] INFO  o.e.m.c.i.embedder.EclipseLogger - Copying 0 resource
2016-07-11 22:14:12,631 [Worker-131] WARN  o.e.m.c.i.embedder.EclipseLogger - The artifact xerces:xerces:jar:2.4.0 has been relocated to xerces:xercesImpl:jar:2.4.0
2016-07-11 22:14:12,679 [Worker-131] WARN  o.e.m.c.i.embedder.EclipseLogger - Using platform encoding (Cp1251 actually) to copy filtered resources, i.e. build is platform dependent!
2016-07-11 22:14:12,821 [Worker-131] INFO  o.e.m.c.i.embedder.EclipseLogger - Copying 0 resource
2016-07-11 22:14:12,855 [Worker-131] WARN  o.e.m.c.i.embedder.EclipseLogger - Using platform encoding (Cp1251 actually) to copy filtered resources, i.e. build is platform dependent!
2016-07-11 22:14:12,888 [Worker-131] INFO  o.e.m.c.i.embedder.EclipseLogger - Copying 0 resource
2016-07-11 22:14:13,041 [Worker-131] WARN  o.e.m.c.i.embedder.EclipseLogger - Using platform encoding (Cp1251 actually) to copy filtered resources, i.e. build is platform dependent!
2016-07-11 22:14:13,045 [Worker-131] INFO  o.e.m.c.i.embedder.EclipseLogger - Copying 0 resource
2016-07-11 22:14:13,086 [Worker-131] WARN  o.e.m.c.i.embedder.EclipseLogger - Using platform encoding (Cp1251 actually) to copy filtered resources, i.e. build is platform dependent!
2016-07-11 22:14:13,088 [Worker-131] INFO  o.e.m.c.i.embedder.EclipseLogger - Copying 0 resource
2016-07-11 22:14:14,380 [Worker-131] WARN  o.e.m.c.i.embedder.EclipseLogger - Using platform encoding (Cp1251 actually) to copy filtered resources, i.e. build is platform dependent!
2016-07-11 22:14:14,673 [Worker-131] INFO  o.e.m.c.i.embedder.EclipseLogger - Copying 0 resource
2016-07-11 22:14:14,674 [Worker-131] WARN  o.e.m.c.i.embedder.EclipseLogger - Using platform encoding (Cp1251 actually) to copy filtered resources, i.e. build is platform dependent!
2016-07-11 22:14:14,677 [Worker-131] INFO  o.e.m.c.i.embedder.EclipseLogger - Copying 0 resource
2016-07-11 22:14:15,039 [Worker-131] WARN  o.e.m.c.i.embedder.EclipseLogger - Using platform encoding (Cp1251 actually) to copy filtered resources, i.e. build is platform dependent!
2016-07-11 22:14:15,042 [Worker-131] INFO  o.e.m.c.i.embedder.EclipseLogger - Copying 0 resource
2016-07-11 22:14:15,052 [Worker-131] WARN  o.e.m.c.i.embedder.EclipseLogger - Using platform encoding (Cp1251 actually) to copy filtered resources, i.e. build is platform dependent!
2016-07-11 22:14:15,054 [Worker-131] INFO  o.e.m.c.i.embedder.EclipseLogger - Copying 0 resource
2016-07-11 22:14:15,493 [Worker-131] WARN  o.e.m.c.i.embedder.EclipseLogger - Using platform encoding (Cp1251 actually) to copy filtered resources, i.e. build is platform dependent!
2016-07-11 22:14:15,885 [Worker-131] INFO  o.e.m.c.i.embedder.EclipseLogger - Copying 0 resource
2016-07-11 22:14:15,897 [Worker-131] WARN  o.e.m.c.i.embedder.EclipseLogger - Using platform encoding (Cp1251 actually) to copy filtered resources, i.e. build is platform dependent!
2016-07-11 22:14:15,922 [Worker-131] INFO  o.e.m.c.i.embedder.EclipseLogger - Copying 0 resource
2016-07-11 22:14:16,612 [Worker-131] WARN  o.e.m.c.i.embedder.EclipseLogger - Using platform encoding (Cp1251 actually) to copy filtered resources, i.e. build is platform dependent!
2016-07-11 22:14:16,801 [Worker-131] INFO  o.e.m.c.i.embedder.EclipseLogger - Copying 0 resource
2016-07-11 22:14:16,841 [Worker-131] WARN  o.e.m.c.i.embedder.EclipseLogger - Using platform encoding (Cp1251 actually) to copy filtered resources, i.e. build is platform dependent!
2016-07-11 22:14:16,881 [Worker-131] INFO  o.e.m.c.i.embedder.EclipseLogger - Copying 0 resource
2016-07-11 22:14:17,367 [Worker-131] WARN  o.e.m.c.i.embedder.EclipseLogger - Using platform encoding (Cp1251 actually) to copy filtered resources, i.e. build is platform dependent!
2016-07-11 22:14:17,465 [Worker-131] INFO  o.e.m.c.i.embedder.EclipseLogger - Copying 0 resource
2016-07-11 22:14:17,467 [Worker-131] WARN  o.e.m.c.i.embedder.EclipseLogger - Using platform encoding (Cp1251 actually) to copy filtered resources, i.e. build is platform dependent!
2016-07-11 22:14:17,468 [Worker-131] INFO  o.e.m.c.i.embedder.EclipseLogger - Copying 0 resource
2016-07-12 12:22:40,547 [Worker-10] WARN  o.e.m.c.i.embedder.EclipseLogger - Using platform encoding (Cp1251 actually) to copy filtered resources, i.e. build is platform dependent!
2016-07-12 12:22:40,626 [Worker-10] INFO  o.e.m.c.i.embedder.EclipseLogger - Copying 1 resource
2016-07-12 12:22:40,651 [Worker-10] WARN  o.e.m.c.i.embedder.EclipseLogger - Using platform encoding (Cp1251 actually) to copy filtered resources, i.e. build is platform dependent!
2016-07-12 12:22:40,655 [Worker-10] INFO  o.e.m.c.i.embedder.EclipseLogger - Copying 0 resource
2016-07-12 12:22:43,561 [Worker-10] WARN  o.e.m.c.i.embedder.EclipseLogger - Using platform encoding (Cp1251 actually) to copy filtered resources, i.e. build is platform dependent!
2016-07-12 12:22:43,594 [Worker-10] INFO  o.e.m.c.i.embedder.EclipseLogger - Copying 1 resource
2016-07-12 12:22:43,605 [Worker-10] WARN  o.e.m.c.i.embedder.EclipseLogger - Using platform encoding (Cp1251 actually) to copy filtered resources, i.e. build is platform dependent!
2016-07-12 12:22:43,619 [Worker-10] INFO  o.e.m.c.i.embedder.EclipseLogger - Copying 0 resource
2016-07-12 12:22:44,211 [Worker-10] WARN  o.e.m.c.i.embedder.EclipseLogger - The artifact xerces:xerces:jar:2.4.0 has been relocated to xerces:xercesImpl:jar:2.4.0
2016-07-12 12:22:44,223 [Worker-10] WARN  o.e.m.c.i.embedder.EclipseLogger - Using platform encoding (Cp1251 actually) to copy filtered resources, i.e. build is platform dependent!
2016-07-12 12:22:44,225 [Worker-10] INFO  o.e.m.c.i.embedder.EclipseLogger - Copying 2 resources
2016-07-12 12:22:44,228 [Worker-10] WARN  o.e.m.c.i.embedder.EclipseLogger - Using platform encoding (Cp1251 actually) to copy filtered resources, i.e. build is platform dependent!
2016-07-12 12:22:44,230 [Worker-10] INFO  o.e.m.c.i.embedder.EclipseLogger - Copying 0 resource
2016-07-12 12:22:44,315 [Worker-10] WARN  o.e.m.c.i.embedder.EclipseLogger - Using platform encoding (Cp1251 actually) to copy filtered resources, i.e. build is platform dependent!
2016-07-12 12:22:44,317 [Worker-10] INFO  o.e.m.c.i.embedder.EclipseLogger - Copying 0 resource
2016-07-12 12:22:44,319 [Worker-10] WARN  o.e.m.c.i.embedder.EclipseLogger - Using platform encoding (Cp1251 actually) to copy filtered resources, i.e. build is platform dependent!
2016-07-12 12:22:44,321 [Worker-10] INFO  o.e.m.c.i.embedder.EclipseLogger - Copying 0 resource
2016-07-12 12:22:44,522 [Worker-10] WARN  o.e.m.c.i.embedder.EclipseLogger - Using platform encoding (Cp1251 actually) to copy filtered resources, i.e. build is platform dependent!
2016-07-12 12:22:44,525 [Worker-10] INFO  o.e.m.c.i.embedder.EclipseLogger - Copying 2 resources
2016-07-12 12:22:44,907 [Worker-10] WARN  o.e.m.c.i.embedder.EclipseLogger - Using platform encoding (Cp1251 actually) to copy filtered resources, i.e. build is platform dependent!
2016-07-12 12:22:44,911 [Worker-10] INFO  o.e.m.c.i.embedder.EclipseLogger - Copying 0 resource
2016-07-12 12:22:46,430 [Worker-10] WARN  o.e.m.c.i.embedder.EclipseLogger - Using platform encoding (Cp1251 actually) to copy filtered resources, i.e. build is platform dependent!
2016-07-12 12:22:46,432 [Worker-10] INFO  o.e.m.c.i.embedder.EclipseLogger - Copying 1 resource
2016-07-12 12:22:46,434 [Worker-10] WARN  o.e.m.c.i.embedder.EclipseLogger - Using platform encoding (Cp1251 actually) to copy filtered resources, i.e. build is platform dependent!
2016-07-12 12:22:46,459 [Worker-10] INFO  o.e.m.c.i.embedder.EclipseLogger - Copying 0 resource
2016-07-12 12:22:46,726 [Worker-10] WARN  o.e.m.c.i.embedder.EclipseLogger - Using platform encoding (Cp1251 actually) to copy filtered resources, i.e. build is platform dependent!
2016-07-12 12:22:46,742 [Worker-10] INFO  o.e.m.c.i.embedder.EclipseLogger - Copying 3 resources
2016-07-12 12:22:47,775 [Worker-10] WARN  o.e.m.c.i.embedder.EclipseLogger - Using platform encoding (Cp1251 actually) to copy filtered resources, i.e. build is platform dependent!
2016-07-12 12:22:47,798 [Worker-10] INFO  o.e.m.c.i.embedder.EclipseLogger - Copying 0 resource
2016-07-12 12:22:48,786 [Worker-10] WARN  o.e.m.c.i.embedder.EclipseLogger - Using platform encoding (Cp1251 actually) to copy filtered resources, i.e. build is platform dependent!
2016-07-12 12:22:48,984 [Worker-10] INFO  o.e.m.c.i.embedder.EclipseLogger - Copying 2 resources
2016-07-12 12:22:49,266 [Worker-10] WARN  o.e.m.c.i.embedder.EclipseLogger - Using platform encoding (Cp1251 actually) to copy filtered resources, i.e. build is platform dependent!
2016-07-12 12:22:49,269 [Worker-10] INFO  o.e.m.c.i.embedder.EclipseLogger - Copying 0 resource
2016-07-12 12:22:49,687 [Worker-10] WARN  o.e.m.c.i.embedder.EclipseLogger - Using platform encoding (Cp1251 actually) to copy filtered resources, i.e. build is platform dependent!
2016-07-12 12:22:50,226 [Worker-10] INFO  o.e.m.c.i.embedder.EclipseLogger - Copying 2 resources
2016-07-12 12:22:50,244 [Worker-10] WARN  o.e.m.c.i.embedder.EclipseLogger - Using platform encoding (Cp1251 actually) to copy filtered resources, i.e. build is platform dependent!
2016-07-12 12:22:50,246 [Worker-10] INFO  o.e.m.c.i.embedder.EclipseLogger - Copying 0 resource
2016-07-12 14:22:14,799 [Worker-34] WARN  o.e.m.c.i.embedder.EclipseLogger - Using platform encoding (Cp1251 actually) to copy filtered resources, i.e. build is platform dependent!
2016-07-12 14:22:15,116 [Worker-34] INFO  o.e.m.c.i.embedder.EclipseLogger - Copying 0 resource
2016-07-12 14:22:15,176 [Worker-34] WARN  o.e.m.c.i.embedder.EclipseLogger - Using platform encoding (Cp1251 actually) to copy filtered resources, i.e. build is platform dependent!
2016-07-12 14:22:15,184 [Worker-34] INFO  o.e.m.c.i.embedder.EclipseLogger - Copying 0 resource
2016-07-12 14:25:55,874 [Worker-34] WARN  o.e.m.c.i.embedder.EclipseLogger - Using platform encoding (Cp1251 actually) to copy filtered resources, i.e. build is platform dependent!
2016-07-12 14:25:56,799 [Worker-34] INFO  o.e.m.c.i.embedder.EclipseLogger - Copying 1 resource
2016-07-12 14:25:56,801 [Worker-34] WARN  o.e.m.c.i.embedder.EclipseLogger - Using platform encoding (Cp1251 actually) to copy filtered resources, i.e. build is platform dependent!
2016-07-12 14:25:56,803 [Worker-34] INFO  o.e.m.c.i.embedder.EclipseLogger - Copying 0 resource
2016-07-12 14:26:06,661 [Worker-30] WARN  o.e.m.c.i.embedder.EclipseLogger - Using platform encoding (Cp1251 actually) to copy filtered resources, i.e. build is platform dependent!
2016-07-12 14:26:06,664 [Worker-30] INFO  o.e.m.c.i.embedder.EclipseLogger - Copying 1 resource
2016-07-12 14:26:06,679 [Worker-30] WARN  o.e.m.c.i.embedder.EclipseLogger - Using platform encoding (Cp1251 actually) to copy filtered resources, i.e. build is platform dependent!
2016-07-12 14:26:06,681 [Worker-30] INFO  o.e.m.c.i.embedder.EclipseLogger - Copying 0 resource
